# Logfile created on Sat Jul 24 13:44:47 +0200 2010REQUESTING PAGE: GET / with {} and HTTP headers {}


Processing ApplicationController#index (for 127.0.0.1 at 2010-07-24 13:47:36) [GET]
REQUESTING PAGE: GET / with {} and HTTP headers {}


Processing ApplicationController#index (for 127.0.0.1 at 2010-07-24 13:48:06) [GET]
REQUESTING PAGE: GET / with {} and HTTP headers {}


Processing ApplicationController#index (for 127.0.0.1 at 2010-07-24 13:48:33) [GET]
REQUESTING PAGE: GET / with {} and HTTP headers {}


Processing HomepageController#index (for 127.0.0.1 at 2010-07-24 13:51:09) [GET]


Processing ApplicationController#index (for 127.0.0.1 at 2010-07-24 13:51:09) [GET]
REQUESTING PAGE: GET / with {} and HTTP headers {}


Processing HomepageController#index (for 127.0.0.1 at 2010-07-24 13:59:04) [GET]


Processing ApplicationController#index (for 127.0.0.1 at 2010-07-24 13:59:04) [GET]
REQUESTING PAGE: GET / with {} and HTTP headers {}


Processing HomepageController#index (for 127.0.0.1 at 2010-07-24 14:00:20) [GET]


Processing ApplicationController#index (for 127.0.0.1 at 2010-07-24 14:00:20) [GET]
REQUESTING PAGE: GET / with {} and HTTP headers {}


Processing HomepageController#index (for 127.0.0.1 at 2010-07-24 14:00:37) [GET]


Processing ApplicationController#index (for 127.0.0.1 at 2010-07-24 14:00:37) [GET]
REQUESTING PAGE: GET / with {} and HTTP headers {}


Processing HomepageController#index (for 127.0.0.1 at 2010-07-24 14:01:06) [GET]
Rendering homepage/index
Completed in 29ms (View: 27, DB: 0) | 200 OK [http://www.example.com/]
REQUESTING PAGE: GET / with {} and HTTP headers {}


Processing HomepageController#index (for 127.0.0.1 at 2010-07-24 14:01:43) [GET]
Rendering homepage/index


Processing ApplicationController#index (for 127.0.0.1 at 2010-07-24 14:01:43) [GET]
REQUESTING PAGE: GET / with {} and HTTP headers {}


Processing HomepageController#index (for 127.0.0.1 at 2010-07-24 14:03:35) [GET]
Rendering homepage/index
Completed in 4ms (View: 2, DB: 0) | 200 OK [http://www.example.com/]
REQUESTING PAGE: GET /users/new with {} and HTTP headers {"HTTP_REFERER"=>"/"}


Processing ApplicationController#new (for 127.0.0.1 at 2010-07-24 14:03:35) [GET]
REQUESTING PAGE: GET / with {} and HTTP headers {}


Processing HomepageController#index (for 127.0.0.1 at 2010-07-24 14:04:26) [GET]
Rendering homepage/index
Completed in 4ms (View: 2, DB: 0) | 200 OK [http://www.example.com/]
REQUESTING PAGE: GET /users/new with {} and HTTP headers {"HTTP_REFERER"=>"/"}


Processing UsersController#new (for 127.0.0.1 at 2010-07-24 14:04:26) [GET]


Processing ApplicationController#new (for 127.0.0.1 at 2010-07-24 14:04:26) [GET]
REQUESTING PAGE: GET / with {} and HTTP headers {}


Processing HomepageController#index (for 127.0.0.1 at 2010-07-24 14:04:52) [GET]
Rendering homepage/index
Completed in 4ms (View: 2, DB: 0) | 200 OK [http://www.example.com/]
REQUESTING PAGE: GET /users/new with {} and HTTP headers {"HTTP_REFERER"=>"/"}


Processing UsersController#new (for 127.0.0.1 at 2010-07-24 14:04:52) [GET]


Processing ApplicationController#new (for 127.0.0.1 at 2010-07-24 14:04:52) [GET]
REQUESTING PAGE: GET / with {} and HTTP headers {}


Processing HomepageController#index (for 127.0.0.1 at 2010-07-24 14:06:02) [GET]
Rendering homepage/index
Completed in 4ms (View: 2, DB: 0) | 200 OK [http://www.example.com/]
REQUESTING PAGE: GET /users/new with {} and HTTP headers {"HTTP_REFERER"=>"/"}


Processing UsersController#new (for 127.0.0.1 at 2010-07-24 14:06:02) [GET]


Processing ApplicationController#new (for 127.0.0.1 at 2010-07-24 14:06:02) [GET]
REQUESTING PAGE: GET / with {} and HTTP headers {}


Processing HomepageController#index (for 127.0.0.1 at 2010-07-24 14:18:13) [GET]
Rendering homepage/index
Completed in 4ms (View: 2, DB: 0) | 200 OK [http://www.example.com/]
REQUESTING PAGE: GET /users/new with {} and HTTP headers {"HTTP_REFERER"=>"/"}


Processing UsersController#new (for 127.0.0.1 at 2010-07-24 14:18:13) [GET]


Processing ApplicationController#new (for 127.0.0.1 at 2010-07-24 14:18:13) [GET]
REQUESTING PAGE: GET / with {} and HTTP headers {}


Processing HomepageController#index (for 127.0.0.1 at 2010-07-24 14:18:55) [GET]
Rendering homepage/index
Completed in 5ms (View: 3, DB: 0) | 200 OK [http://www.example.com/]
REQUESTING PAGE: GET /users/new with {} and HTTP headers {"HTTP_REFERER"=>"/"}


Processing UsersController#new (for 127.0.0.1 at 2010-07-24 14:18:55) [GET]
Rendering users/new
Completed in 3ms (View: 0, DB: 0) | 200 OK [http://www.example.com/users/new]
REQUESTING PAGE: GET / with {} and HTTP headers {}


Processing HomepageController#index (for 127.0.0.1 at 2010-07-24 14:19:35) [GET]
Rendering homepage/index
Completed in 4ms (View: 2, DB: 0) | 200 OK [http://www.example.com/]
REQUESTING PAGE: GET /users/new with {} and HTTP headers {"HTTP_REFERER"=>"/"}


Processing UsersController#new (for 127.0.0.1 at 2010-07-24 14:19:35) [GET]
Rendering users/new
Completed in 8ms (View: 6, DB: 0) | 200 OK [http://www.example.com/users/new]
REQUESTING PAGE: POST /users with {"user"=>{"password_confirmation"=>"password", "username"=>"test", "password"=>"password", "email"=>"test@example.com"}, "commit"=>"Register"} and HTTP headers {"HTTP_REFERER"=>"/users/new"}


Processing UsersController#create (for 127.0.0.1 at 2010-07-24 14:19:35) [POST]
  Parameters: {"user"=>{"password_confirmation"=>"password", "username"=>"test", "password"=>"password", "email"=>"test@example.com"}, "commit"=>"Register"}


Processing ApplicationController#create (for 127.0.0.1 at 2010-07-24 14:19:35) [POST]
  Parameters: {"user"=>{"password_confirmation"=>"password", "username"=>"test", "password"=>"password", "email"=>"test@example.com"}, "commit"=>"Register"}
REQUESTING PAGE: GET / with {} and HTTP headers {}


Processing HomepageController#index (for 127.0.0.1 at 2010-07-24 14:20:22) [GET]
Rendering homepage/index
Completed in 4ms (View: 2, DB: 0) | 200 OK [http://www.example.com/]
REQUESTING PAGE: GET /users/new with {} and HTTP headers {"HTTP_REFERER"=>"/"}


Processing UsersController#new (for 127.0.0.1 at 2010-07-24 14:20:22) [GET]
Rendering users/new
Completed in 8ms (View: 6, DB: 0) | 200 OK [http://www.example.com/users/new]
REQUESTING PAGE: POST /users with {"user"=>{"password_confirmation"=>"password", "username"=>"test", "password"=>"password", "email"=>"test@example.com"}, "commit"=>"Register"} and HTTP headers {"HTTP_REFERER"=>"/users/new"}


Processing UsersController#create (for 127.0.0.1 at 2010-07-24 14:20:22) [POST]
  Parameters: {"user"=>{"password_confirmation"=>"password", "username"=>"test", "password"=>"password", "email"=>"test@example.com"}, "commit"=>"Register"}
  [4;36;1mUser Load (0.3ms)[0m   [0;1mSELECT "users".id FROM "users" WHERE (LOWER("users"."email") = 'test@example.com') LIMIT 1[0m
  [4;35;1mUser Load (0.1ms)[0m   [0mSELECT "users".id FROM "users" WHERE (LOWER("users"."username") = 'test') LIMIT 1[0m
  [4;36;1mUser Load (0.1ms)[0m   [0;1mSELECT "users".id FROM "users" WHERE ("users"."persistence_token" = 'f224157fe6ccf416f4d62ca914878b3ec2caa4b6b5c976992d0514a8848a40fb47030ded10ed5f3c5092881d8e5458e49b880a989185a8840586b47870cf9fbc') LIMIT 1[0m
  [4;35;1mUser Create (0.4ms)[0m   [0mINSERT INTO "users" ("updated_at", "crypted_password", "username", "password_salt", "persistence_token", "email", "created_at") VALUES('2010-07-24 12:20:22', '799a11d91a2e76dd585a92267296ff992f747d2d78801aa9fb3e213c7fea4d12d2e2a076f8e643fca73603fbba3739819f9cc026fb39303b5850ef61fa12b18f', 'test', '37lnZ_0Iwv5_kEq4DNOy', 'f224157fe6ccf416f4d62ca914878b3ec2caa4b6b5c976992d0514a8848a40fb47030ded10ed5f3c5092881d8e5458e49b880a989185a8840586b47870cf9fbc', 'test@example.com', '2010-07-24 12:20:22')[0m
Redirected to http://www.example.com/users/1
Completed in 142ms (DB: 0) | 302 Found [http://www.example.com/users]
REQUESTING PAGE: GET http://www.example.com/users/1 with {} and HTTP headers {"HTTP_REFERER"=>"/users"}


Processing UsersController#show (for 127.0.0.1 at 2010-07-24 14:20:22) [GET]
  Parameters: {"id"=>"1"}


Processing ApplicationController#show (for 127.0.0.1 at 2010-07-24 14:20:22) [GET]
  Parameters: {"id"=>"1"}
REQUESTING PAGE: GET / with {} and HTTP headers {}


Processing HomepageController#index (for 127.0.0.1 at 2010-07-24 16:53:44) [GET]
Rendering homepage/index
Completed in 5ms (View: 3, DB: 0) | 200 OK [http://www.example.com/]
REQUESTING PAGE: GET /users/new with {} and HTTP headers {"HTTP_REFERER"=>"/"}


Processing UsersController#new (for 127.0.0.1 at 2010-07-24 16:53:44) [GET]
Rendering users/new
Completed in 9ms (View: 6, DB: 0) | 200 OK [http://www.example.com/users/new]
REQUESTING PAGE: POST /users with {"user"=>{"password_confirmation"=>"password", "username"=>"test", "password"=>"password", "email"=>"test@example.com"}, "commit"=>"Register"} and HTTP headers {"HTTP_REFERER"=>"/users/new"}


Processing UsersController#create (for 127.0.0.1 at 2010-07-24 16:53:44) [POST]
  Parameters: {"user"=>{"password_confirmation"=>"password", "username"=>"test", "password"=>"password", "email"=>"test@example.com"}, "commit"=>"Register"}
  [4;36;1mUser Load (0.3ms)[0m   [0;1mSELECT "users".id FROM "users" WHERE (LOWER("users"."email") = 'test@example.com') LIMIT 1[0m
  [4;35;1mUser Load (0.1ms)[0m   [0mSELECT "users".id FROM "users" WHERE (LOWER("users"."username") = 'test') LIMIT 1[0m
  [4;36;1mUser Load (0.1ms)[0m   [0;1mSELECT "users".id FROM "users" WHERE ("users"."persistence_token" = 'cab11889c788a9c9e4f8993ec6321a470f3a05bdecbf21ccf6f151f0ace0edfce86ad9724d8c01f9bd6ad44f228f0473f8939087381175b756e46066ed140e31') LIMIT 1[0m
  [4;35;1mUser Create (0.4ms)[0m   [0mINSERT INTO "users" ("updated_at", "crypted_password", "username", "password_salt", "persistence_token", "email", "created_at") VALUES('2010-07-24 14:53:44', '5ebac6146c6e705687382e5659a6b1cd98b707ec585527fc018219c505b620ce4ee53f3e243a7165816e834f4fd34a50ed9a593db8511e5d1f495f5367da8b03', 'test', 'Y5Lr6BpIBpol_xTLRTIa', 'cab11889c788a9c9e4f8993ec6321a470f3a05bdecbf21ccf6f151f0ace0edfce86ad9724d8c01f9bd6ad44f228f0473f8939087381175b756e46066ed140e31', 'test@example.com', '2010-07-24 14:53:44')[0m
Redirected to http://www.example.com/users/new?successful=true
Completed in 90ms (DB: 1) | 302 Found [http://www.example.com/users]
REQUESTING PAGE: GET http://www.example.com/users/new?successful=true with {} and HTTP headers {"HTTP_REFERER"=>"/users"}


Processing UsersController#new (for 127.0.0.1 at 2010-07-24 16:53:44) [GET]
  Parameters: {"successful"=>"true"}
Rendering users/new
Completed in 3ms (View: 3, DB: 0) | 200 OK [http://www.example.com/users/new?successful=true]
REQUESTING PAGE: GET / with {} and HTTP headers {}


Processing HomepageController#index (for 127.0.0.1 at 2010-07-24 16:55:09) [GET]
Rendering homepage/index
Completed in 4ms (View: 2, DB: 0) | 200 OK [http://www.example.com/]
REQUESTING PAGE: GET /users/new with {} and HTTP headers {"HTTP_REFERER"=>"/"}


Processing UsersController#new (for 127.0.0.1 at 2010-07-24 16:55:09) [GET]
Rendering users/new
Completed in 9ms (View: 7, DB: 0) | 200 OK [http://www.example.com/users/new]
REQUESTING PAGE: POST /users with {"user"=>{"password_confirmation"=>"password", "username"=>"test", "password"=>"password", "email"=>"test@example.com"}, "commit"=>"Register"} and HTTP headers {"HTTP_REFERER"=>"/users/new"}


Processing UsersController#create (for 127.0.0.1 at 2010-07-24 16:55:09) [POST]
  Parameters: {"user"=>{"password_confirmation"=>"password", "username"=>"test", "password"=>"password", "email"=>"test@example.com"}, "commit"=>"Register"}
  [4;36;1mUser Load (0.3ms)[0m   [0;1mSELECT "users".id FROM "users" WHERE (LOWER("users"."email") = 'test@example.com') LIMIT 1[0m
  [4;35;1mUser Load (0.1ms)[0m   [0mSELECT "users".id FROM "users" WHERE (LOWER("users"."username") = 'test') LIMIT 1[0m
  [4;36;1mUser Load (0.1ms)[0m   [0;1mSELECT "users".id FROM "users" WHERE ("users"."persistence_token" = '00a4f8b7496047b7250646d884e4876ba26b11f8fdf3f11d2528f23deb6b6fb186b476dbc2835bce27c550f8a12e318fec239d81018a2cd8b72af8c458881a3b') LIMIT 1[0m
  [4;35;1mUser Create (0.4ms)[0m   [0mINSERT INTO "users" ("updated_at", "crypted_password", "username", "password_salt", "persistence_token", "email", "created_at") VALUES('2010-07-24 14:55:09', '61f51d4fa51bbeb306892aad940d573039fc2798bc2563f396983a69bdae70d60bf988b2332a9845ede1d835a888e2005d60e72ac2545dd903bd11b4868b42f2', 'test', 'QEsnBNsJlo9I-JN0Z8L3', '00a4f8b7496047b7250646d884e4876ba26b11f8fdf3f11d2528f23deb6b6fb186b476dbc2835bce27c550f8a12e318fec239d81018a2cd8b72af8c458881a3b', 'test@example.com', '2010-07-24 14:55:09')[0m
Redirected to http://www.example.com/users/new?successful=true
Completed in 90ms (DB: 1) | 302 Found [http://www.example.com/users]
REQUESTING PAGE: GET http://www.example.com/users/new?successful=true with {} and HTTP headers {"HTTP_REFERER"=>"/users"}


Processing UsersController#new (for 127.0.0.1 at 2010-07-24 16:55:09) [GET]
  Parameters: {"successful"=>"true"}
Rendering users/new
Completed in 1ms (View: 0, DB: 0) | 200 OK [http://www.example.com/users/new?successful=true]
REQUESTING PAGE: GET / with {} and HTTP headers {}


Processing HomepageController#index (for 127.0.0.1 at 2010-07-24 16:56:05) [GET]
Rendering homepage/index
Completed in 4ms (View: 2, DB: 0) | 200 OK [http://www.example.com/]
REQUESTING PAGE: GET /users/new with {} and HTTP headers {"HTTP_REFERER"=>"/"}


Processing UsersController#new (for 127.0.0.1 at 2010-07-24 16:56:05) [GET]
Rendering users/new
Completed in 9ms (View: 7, DB: 0) | 200 OK [http://www.example.com/users/new]
REQUESTING PAGE: POST /users with {"user"=>{"password_confirmation"=>"password", "username"=>"test", "password"=>"password", "email"=>"test@example.com"}, "commit"=>"Register"} and HTTP headers {"HTTP_REFERER"=>"/users/new"}


Processing UsersController#create (for 127.0.0.1 at 2010-07-24 16:56:05) [POST]
  Parameters: {"user"=>{"password_confirmation"=>"password", "username"=>"test", "password"=>"password", "email"=>"test@example.com"}, "commit"=>"Register"}
  [4;36;1mUser Load (0.3ms)[0m   [0;1mSELECT "users".id FROM "users" WHERE (LOWER("users"."email") = 'test@example.com') LIMIT 1[0m
  [4;35;1mUser Load (0.1ms)[0m   [0mSELECT "users".id FROM "users" WHERE (LOWER("users"."username") = 'test') LIMIT 1[0m
  [4;36;1mUser Load (0.1ms)[0m   [0;1mSELECT "users".id FROM "users" WHERE ("users"."persistence_token" = 'f03113b7b73f2594185189af7d03ace7edec4fff68e2857a9317c369396afa77cb87f94ace9571785e96595409b8d48ae7801e7b66aadcd254cdbd80bd7d1928') LIMIT 1[0m
  [4;35;1mUser Create (0.4ms)[0m   [0mINSERT INTO "users" ("updated_at", "crypted_password", "username", "password_salt", "persistence_token", "email", "created_at") VALUES('2010-07-24 14:56:05', '6552df44bd24da94d6826f2772c5605486ca46c27459bebfb16bfac5c9f45c95fb7e1ee70121fd89ed6aa57f8d0c92fd81e2ce3e1203eac50a8d443365b2bf61', 'test', 'TE1lkFpwnRHuwXU4j2A3', 'f03113b7b73f2594185189af7d03ace7edec4fff68e2857a9317c369396afa77cb87f94ace9571785e96595409b8d48ae7801e7b66aadcd254cdbd80bd7d1928', 'test@example.com', '2010-07-24 14:56:05')[0m
Redirected to http://www.example.com/users/new?successful=true
Completed in 90ms (DB: 1) | 302 Found [http://www.example.com/users]
REQUESTING PAGE: GET http://www.example.com/users/new?successful=true with {} and HTTP headers {"HTTP_REFERER"=>"/users"}


Processing UsersController#new (for 127.0.0.1 at 2010-07-24 16:56:05) [GET]
  Parameters: {"successful"=>"true"}
Rendering users/new
Completed in 1ms (View: 0, DB: 0) | 200 OK [http://www.example.com/users/new?successful=true]
REQUESTING PAGE: GET http://www.example.com/ with {} and HTTP headers {"HTTP_REFERER"=>"http://www.example.com/users/new?successful=true"}


Processing HomepageController#index (for 127.0.0.1 at 2010-07-24 16:56:05) [GET]
Rendering homepage/index
Completed in 1ms (View: 0, DB: 0) | 200 OK [http://www.example.com/]
REQUESTING PAGE: GET / with {} and HTTP headers {}


Processing HomepageController#index (for 127.0.0.1 at 2010-07-24 16:57:19) [GET]
Rendering homepage/index
Completed in 4ms (View: 2, DB: 0) | 200 OK [http://www.example.com/]
REQUESTING PAGE: GET /users/new with {} and HTTP headers {"HTTP_REFERER"=>"/"}


Processing UsersController#new (for 127.0.0.1 at 2010-07-24 16:57:19) [GET]
Rendering users/new
Completed in 9ms (View: 7, DB: 0) | 200 OK [http://www.example.com/users/new]
REQUESTING PAGE: POST /users with {"user"=>{"password_confirmation"=>"password", "username"=>"test", "password"=>"password", "email"=>"test@example.com"}, "commit"=>"Register"} and HTTP headers {"HTTP_REFERER"=>"/users/new"}


Processing UsersController#create (for 127.0.0.1 at 2010-07-24 16:57:19) [POST]
  Parameters: {"user"=>{"password_confirmation"=>"password", "username"=>"test", "password"=>"password", "email"=>"test@example.com"}, "commit"=>"Register"}
  [4;36;1mUser Load (0.3ms)[0m   [0;1mSELECT "users".id FROM "users" WHERE (LOWER("users"."email") = 'test@example.com') LIMIT 1[0m
  [4;35;1mUser Load (0.1ms)[0m   [0mSELECT "users".id FROM "users" WHERE (LOWER("users"."username") = 'test') LIMIT 1[0m
  [4;36;1mUser Load (0.1ms)[0m   [0;1mSELECT "users".id FROM "users" WHERE ("users"."persistence_token" = '1ea108b853046441d3d3600937ed8d622f956816f70eaef74cdff7c9db62cb92c9941f942379ac556469528aa4965bb55a99eec02791fa19ce5710590c5b841f') LIMIT 1[0m
  [4;35;1mUser Create (0.4ms)[0m   [0mINSERT INTO "users" ("updated_at", "crypted_password", "username", "password_salt", "persistence_token", "email", "created_at") VALUES('2010-07-24 14:57:19', '914e6141f2fa87113bd0e2271c176949d4ac10ad1405fecc2360dad9b989029a7956e5e068d4e5e7aa0b45d053512d881ab5c24bfb0e4b35934dcbc6ffe281d7', 'test', '5ms-KAgh5tXcyQ4glRRI', '1ea108b853046441d3d3600937ed8d622f956816f70eaef74cdff7c9db62cb92c9941f942379ac556469528aa4965bb55a99eec02791fa19ce5710590c5b841f', 'test@example.com', '2010-07-24 14:57:19')[0m
Redirected to http://www.example.com/users/new?successful=true
Completed in 90ms (DB: 1) | 302 Found [http://www.example.com/users]
REQUESTING PAGE: GET http://www.example.com/users/new?successful=true with {} and HTTP headers {"HTTP_REFERER"=>"/users"}


Processing UsersController#new (for 127.0.0.1 at 2010-07-24 16:57:19) [GET]
  Parameters: {"successful"=>"true"}
Rendering users/new
Completed in 1ms (View: 0, DB: 0) | 200 OK [http://www.example.com/users/new?successful=true]
REQUESTING PAGE: GET http://www.example.com/ with {} and HTTP headers {"HTTP_REFERER"=>"http://www.example.com/users/new?successful=true"}


Processing HomepageController#index (for 127.0.0.1 at 2010-07-24 16:57:19) [GET]
Rendering homepage/index
Completed in 1ms (View: 0, DB: 0) | 200 OK [http://www.example.com/]
REQUESTING PAGE: GET /users/new with {} and HTTP headers {}


Processing UsersController#new (for 127.0.0.1 at 2010-07-24 16:57:19) [GET]
Rendering users/new
Completed in 3ms (View: 3, DB: 0) | 200 OK [http://www.example.com/users/new]
REQUESTING PAGE: GET http://www.example.com/ with {} and HTTP headers {"HTTP_REFERER"=>"/users/new"}


Processing HomepageController#index (for 127.0.0.1 at 2010-07-24 16:57:19) [GET]
Rendering homepage/index
Completed in 1ms (View: 0, DB: 0) | 200 OK [http://www.example.com/]
